0 info it worked if it ends with ok
1 verbose cli [ '/Users/rmacias/.nvm/versions/node/v4.4.2/bin/node',
1 verbose cli   '/Users/rmacias/.nvm/versions/node/v4.4.2/bin/npm',
1 verbose cli   'run',
1 verbose cli   'watch' ]
2 info using npm@3.9.5
3 info using node@v4.4.2
4 verbose run-script [ 'prewatch', 'watch', 'postwatch' ]
5 info lifecycle complete-intro-to-react@1.0.0~prewatch: complete-intro-to-react@1.0.0
6 silly lifecycle complete-intro-to-react@1.0.0~prewatch: no script for prewatch, continuing
7 info lifecycle complete-intro-to-react@1.0.0~watch: complete-intro-to-react@1.0.0
8 verbose lifecycle complete-intro-to-react@1.0.0~watch: unsafe-perm in lifecycle true
9 verbose lifecycle complete-intro-to-react@1.0.0~watch: PATH: /Users/rmacias/.nvm/versions/node/v4.4.2/lib/node_modules/npm/bin/node-gyp-bin:/Users/rmacias/Code/complete-intro-to-react/node_modules/.bin:/Users/rmacias/.nvm/versions/node/v4.4.2/bin:/Users/rmacias/.nvm/versions/node/v4.4.2/bin:/Users/rmacias/.rbenv/shims:/Users/rmacias/.bin:/Users/rmacias/.rbenv/bin:/usr/local/bin:/usr/bin:/bin:/usr/sbin:/sbin:/Users/rmacias/.rbenv/shims:/Users/rmacias/.bin:/Users/rmacias/.rbenv/bin:/usr/local/bin
10 verbose lifecycle complete-intro-to-react@1.0.0~watch: CWD: /Users/rmacias/Code/complete-intro-to-react
11 silly lifecycle complete-intro-to-react@1.0.0~watch: Args: [ '-c', 'webpack --watch' ]
12 silly lifecycle complete-intro-to-react@1.0.0~watch: Returned: code: 1  signal: null
13 info lifecycle complete-intro-to-react@1.0.0~watch: Failed to exec watch script
14 verbose stack Error: complete-intro-to-react@1.0.0 watch: `webpack --watch`
14 verbose stack Exit status 1
14 verbose stack     at EventEmitter.<anonymous> (/Users/rmacias/.nvm/versions/node/v4.4.2/lib/node_modules/npm/lib/utils/lifecycle.js:245:16)
14 verbose stack     at emitTwo (events.js:87:13)
14 verbose stack     at EventEmitter.emit (events.js:172:7)
14 verbose stack     at ChildProcess.<anonymous> (/Users/rmacias/.nvm/versions/node/v4.4.2/lib/node_modules/npm/lib/utils/spawn.js:24:14)
14 verbose stack     at emitTwo (events.js:87:13)
14 verbose stack     at ChildProcess.emit (events.js:172:7)
14 verbose stack     at maybeClose (internal/child_process.js:827:16)
14 verbose stack     at Process.ChildProcess._handle.onexit (internal/child_process.js:211:5)
15 verbose pkgid complete-intro-to-react@1.0.0
16 verbose cwd /Users/rmacias/Code/complete-intro-to-react
17 error Darwin 16.0.0
18 error argv "/Users/rmacias/.nvm/versions/node/v4.4.2/bin/node" "/Users/rmacias/.nvm/versions/node/v4.4.2/bin/npm" "run" "watch"
19 error node v4.4.2
20 error npm  v3.9.5
21 error code ELIFECYCLE
22 error complete-intro-to-react@1.0.0 watch: `webpack --watch`
22 error Exit status 1
23 error Failed at the complete-intro-to-react@1.0.0 watch script 'webpack --watch'.
23 error Make sure you have the latest version of node.js and npm installed.
23 error If you do, this is most likely a problem with the complete-intro-to-react package,
23 error not with npm itself.
23 error Tell the author that this fails on your system:
23 error     webpack --watch
23 error You can get information on how to open an issue for this project with:
23 error     npm bugs complete-intro-to-react
23 error Or if that isn't available, you can get their info via:
23 error     npm owner ls complete-intro-to-react
23 error There is likely additional logging output above.
24 verbose exit [ 1, true ]
